<?xml version="1.0" encoding="UTF-8"?>
<testng-results ignored="0" total="1" passed="1" failed="0" skipped="0">
  <reporter-output>
  </reporter-output>
  <suite started-at="2023-11-09T06:29:41Z" name="Suite-1" finished-at="2023-11-09T06:29:52Z" duration-ms="11117">
    <groups>
    </groups>
    <test started-at="2023-11-09T06:29:41Z" name="VerifyProductInCart" finished-at="2023-11-09T06:29:52Z" duration-ms="11117">
      <class name="TestCases.VerifyAddToCart">
        <test-method is-config="true" signature="setUp()[pri:0, instance:TestCases.VerifyAddToCart@7a675056]" started-at="2023-11-09T11:59:37Z" name="setUp" finished-at="2023-11-09T11:59:41Z" duration-ms="3659" status="PASS">
          <reporter-output>
          </reporter-output>
        </test-method> <!-- setUp -->
        <test-method signature="addProdcutToCart()[pri:0, instance:TestCases.VerifyAddToCart@7a675056]" started-at="2023-11-09T11:59:41Z" name="addProdcutToCart" finished-at="2023-11-09T11:59:52Z" duration-ms="10739" status="PASS">
          <reporter-output>
          </reporter-output>
        </test-method> <!-- addProdcutToCart -->
        <test-method is-config="true" signature="destroyDriver()[pri:0, instance:TestCases.VerifyAddToCart@7a675056]" started-at="2023-11-09T11:59:52Z" name="destroyDriver" finished-at="2023-11-09T11:59:53Z" duration-ms="436" status="PASS">
          <reporter-output>
          </reporter-output>
        </test-method> <!-- destroyDriver -->
      </class> <!-- TestCases.VerifyAddToCart -->
    </test> <!-- VerifyProductInCart -->
  </suite> <!-- Suite-1 -->
</testng-results>
